<?xml version="1.0" encoding="UTF-8"?>
<testsuite name="HotelReservationTest" tests="1" skipped="0" failures="0" errors="0" timestamp="2021-05-10T16:18:05" hostname="LAPTOP-Q9T3UUC8" time="0.04">
  <properties/>
  <testcase name="whenFindCheapestHotelMethodCalled_shouldReturn_nameOfHotelAndMinimumRent()" classname="HotelReservationTest" time="0.04"/>
  <system-out><![CDATA[Lakewood
Total Rate : 220
]]></system-out>
  <system-err><![CDATA[]]></system-err>
</testsuite>
